<?xml version="1.0" encoding="UTF-8"?>
<testng-results ignored="0" total="1" passed="1" failed="0" skipped="0">
  <reporter-output>
  </reporter-output>
  <suite started-at="2025-02-06T13:13:58 IST" name="Default suite" finished-at="2025-02-06T13:14:07 IST" duration-ms="8512">
    <groups>
    </groups>
    <test started-at="2025-02-06T13:13:58 IST" name="Default test" finished-at="2025-02-06T13:14:07 IST" duration-ms="8512">
      <class name="mock.MockTest">
        <test-method signature="generateToken()[pri:0, instance:mock.MockTest@17fc391b]" started-at="2025-02-06T13:13:58 IST" name="generateToken" finished-at="2025-02-06T13:14:07 IST" duration-ms="8409" status="PASS">
          <reporter-output>
          </reporter-output>
        </test-method> <!-- generateToken -->
      </class> <!-- mock.MockTest -->
    </test> <!-- Default test -->
  </suite> <!-- Default suite -->
</testng-results>
